<?xml version="1.0" encoding="UTF-8"?>
<!-- Generated by org.testng.reporters.JUnitReportReporter -->
<testsuite hostname="IMTIAZ" failures="0" tests="1" name="com.register.TC_RF_001" time="41.168" errors="0" timestamp="2025-05-14T17:32:08 EDT" skipped="0">
  <testcase classname="com.register.TC_RF_001" name="verifyRegisteringByProvidingOnlyMandatoryFields" time="41.168"/>
</testsuite> <!-- com.register.TC_RF_001 -->
